<?xml version="1.0" encoding="UTF-8"?>
<!-- Generated by org.testng.reporters.JUnitReportReporter -->
<testsuite skipped="0" hostname="DESKTOP-46E6TOF" name="sampleexecution.campaignModuleTest" tests="1" failures="0" timestamp="2022-07-14T14:25:44 IST" time="0.005" errors="0">
  <testcase name="DeleteCampaign" time="0.005" classname="sampleexecution.campaignModuleTest"/>
  <system-out/>
</testsuite> <!-- sampleexecution.campaignModuleTest -->
