<?xml version="1.0" encoding="UTF-8"?>
<!-- Generated by org.testng.reporters.JUnitReportReporter -->
<testsuite hostname="DESKTOP-46E6TOF" failures="0" tests="1" name="sampleexecution.contactTest" time="0.006" errors="0" timestamp="2022-07-14T10:32:08 IST" skipped="0">
  <testcase classname="sampleexecution.contactTest" name="DeleteContact" time="0.006"/>
  <system-out/>
</testsuite> <!-- sampleexecution.contactTest -->
